Build started 12.02.2017 18:41:44.
     1>Project "C:\Users\Zero\Documents\Visual Studio 2013\Projects\Win32Project1\Win32Project1\Win32Project1.vcxproj" on node 2 (Build target(s)).
     1>ClCompile:
         C:\Program Files (x86)\Microsoft Visual Studio 12.0\VC\bin\CL.exe /c /ZI /nologo /W3 /WX- /Od /Oy- /D WIN32 /D _DEBUG /D _WINDOWS /D _UNICODE /D UNICODE /Gm /EHsc /RTC1 /MDd /GS /fp:precise /Zc:wchar_t /Zc:forScope /Yu"stdafx.h" /Fp"Debug\Win32Project1.pch" /Fo"Debug\\" /Fd"Debug\vc120.pdb" /Gd /TP /analyze- /errorReport:prompt Win32Project1.cpp
         Win32Project1.cpp
     1>c:\users\zero\documents\visual studio 2013\projects\win32project1\win32project1\win32project1.cpp(43): warning C4305: 'initializing' : truncation from 'double' to 'float'
     1>c:\users\zero\documents\visual studio 2013\projects\win32project1\win32project1\win32project1.cpp(289): warning C4996: 'strcpy': This function or variable may be unsafe. Consider using strcpy_s instead. To disable deprecation, use _CRT_SECURE_NO_WARNINGS. See online help for details.
                 c:\program files (x86)\microsoft visual studio 12.0\vc\include\string.h(112) : see declaration of 'strcpy'
     1>c:\users\zero\documents\visual studio 2013\projects\win32project1\win32project1\win32project1.cpp(290): warning C4996: 'strtok': This function or variable may be unsafe. Consider using strtok_s instead. To disable deprecation, use _CRT_SECURE_NO_WARNINGS. See online help for details.
                 c:\program files (x86)\microsoft visual studio 12.0\vc\include\string.h(204) : see declaration of 'strtok'
     1>c:\users\zero\documents\visual studio 2013\projects\win32project1\win32project1\win32project1.cpp(296): warning C4996: 'strtok': This function or variable may be unsafe. Consider using strtok_s instead. To disable deprecation, use _CRT_SECURE_NO_WARNINGS. See online help for details.
                 c:\program files (x86)\microsoft visual studio 12.0\vc\include\string.h(204) : see declaration of 'strtok'
     1>c:\users\zero\documents\visual studio 2013\projects\win32project1\win32project1\win32project1.cpp(306): warning C4996: 'strcpy': This function or variable may be unsafe. Consider using strcpy_s instead. To disable deprecation, use _CRT_SECURE_NO_WARNINGS. See online help for details.
                 c:\program files (x86)\microsoft visual studio 12.0\vc\include\string.h(112) : see declaration of 'strcpy'
     1>c:\users\zero\documents\visual studio 2013\projects\win32project1\win32project1\win32project1.cpp(307): warning C4996: 'strtok': This function or variable may be unsafe. Consider using strtok_s instead. To disable deprecation, use _CRT_SECURE_NO_WARNINGS. See online help for details.
                 c:\program files (x86)\microsoft visual studio 12.0\vc\include\string.h(204) : see declaration of 'strtok'
     1>c:\users\zero\documents\visual studio 2013\projects\win32project1\win32project1\win32project1.cpp(313): warning C4996: 'strtok': This function or variable may be unsafe. Consider using strtok_s instead. To disable deprecation, use _CRT_SECURE_NO_WARNINGS. See online help for details.
                 c:\program files (x86)\microsoft visual studio 12.0\vc\include\string.h(204) : see declaration of 'strtok'
     1>c:\users\zero\documents\visual studio 2013\projects\win32project1\win32project1\win32project1.cpp(339): warning C4244: 'argument' : conversion from 'double' to 'float', possible loss of data
     1>c:\users\zero\documents\visual studio 2013\projects\win32project1\win32project1\win32project1.cpp(340): warning C4244: 'argument' : conversion from 'double' to 'float', possible loss of data
     1>c:\users\zero\documents\visual studio 2013\projects\win32project1\win32project1\win32project1.cpp(341): warning C4244: 'argument' : conversion from 'double' to 'float', possible loss of data
     1>c:\users\zero\documents\visual studio 2013\projects\win32project1\win32project1\win32project1.cpp(476): warning C4244: 'argument' : conversion from 'float' to 'int', possible loss of data
     1>c:\users\zero\documents\visual studio 2013\projects\win32project1\win32project1\win32project1.cpp(481): warning C4244: 'argument' : conversion from 'float' to 'int', possible loss of data
     1>c:\users\zero\documents\visual studio 2013\projects\win32project1\win32project1\win32project1.cpp(486): warning C4244: 'argument' : conversion from 'float' to 'int', possible loss of data
     1>c:\users\zero\documents\visual studio 2013\projects\win32project1\win32project1\win32project1.cpp(491): warning C4244: 'argument' : conversion from 'float' to 'int', possible loss of data
     1>c:\users\zero\documents\visual studio 2013\projects\win32project1\win32project1\win32project1.cpp(496): warning C4244: 'argument' : conversion from 'float' to 'int', possible loss of data
     1>c:\users\zero\documents\visual studio 2013\projects\win32project1\win32project1\win32project1.cpp(501): warning C4244: 'argument' : conversion from 'float' to 'int', possible loss of data
     1>c:\users\zero\documents\visual studio 2013\projects\win32project1\win32project1\win32project1.cpp(536): warning C4244: 'argument' : conversion from 'float' to 'int', possible loss of data
     1>c:\users\zero\documents\visual studio 2013\projects\win32project1\win32project1\win32project1.cpp(540): warning C4244: 'argument' : conversion from 'float' to 'int', possible loss of data
     1>c:\users\zero\documents\visual studio 2013\projects\win32project1\win32project1\win32project1.cpp(543): warning C4244: 'argument' : conversion from 'float' to 'int', possible loss of data
     1>c:\users\zero\documents\visual studio 2013\projects\win32project1\win32project1\win32project1.cpp(544): warning C4244: 'argument' : conversion from 'float' to 'int', possible loss of data
     1>c:\users\zero\documents\visual studio 2013\projects\win32project1\win32project1\win32project1.cpp(240): warning C4101: 'hOld' : unreferenced local variable
       Link:
         C:\Program Files (x86)\Microsoft Visual Studio 12.0\VC\bin\link.exe /ERRORREPORT:PROMPT /OUT:"C:\Users\Zero\Documents\Visual Studio 2013\Projects\Win32Project1\Debug\Win32Project1.exe" /INCREMENTAL /NOLOGO kernel32.lib user32.lib gdi32.lib winspool.lib comdlg32.lib advapi32.lib shell32.lib ole32.lib oleaut32.lib uuid.lib odbc32.lib odbccp32.lib /MANIFEST /MANIFESTUAC:"level='asInvoker' uiAccess='false'" /manifest:embed /DEBUG /PDB:"C:\Users\Zero\Documents\Visual Studio 2013\Projects\Win32Project1\Debug\Win32Project1.pdb" /SUBSYSTEM:WINDOWS /TLBID:1 /DYNAMICBASE /NXCOMPAT /IMPLIB:"C:\Users\Zero\Documents\Visual Studio 2013\Projects\Win32Project1\Debug\Win32Project1.lib" /MACHINE:X86 Debug\Win32Project1.res
         Debug\stdafx.obj
         Debug\Win32Project1.obj
         Win32Project1.vcxproj -> C:\Users\Zero\Documents\Visual Studio 2013\Projects\Win32Project1\Debug\Win32Project1.exe
     1>Done Building Project "C:\Users\Zero\Documents\Visual Studio 2013\Projects\Win32Project1\Win32Project1\Win32Project1.vcxproj" (Build target(s)).

Build succeeded.

Time Elapsed 00:00:00.78
